c:\users\piyorin\dev\qrdemo\arm64\debug\pch.pch
c:\users\piyorin\dev\qrdemo\arm64\debug\vc142.pdb
c:\users\piyorin\dev\qrdemo\arm64\debug\pch.obj
c:\users\piyorin\dev\qrdemo\arm64\debug\drawcall_init.obj
c:\users\piyorin\dev\qrdemo\arm64\debug\trackedhands.obj
c:\users\piyorin\dev\qrdemo\arm64\debug\app.obj
c:\users\piyorin\dev\qrdemo\arm64\debug\animatedvector.obj
c:\users\piyorin\dev\qrdemo\arm64\debug\mixedreality.obj
c:\users\piyorin\dev\qrdemo\arm64\debug\drawcall_shader.obj
c:\users\piyorin\dev\qrdemo\arm64\debug\drawcall_texture.obj
c:\users\piyorin\dev\qrdemo\arm64\debug\floatingslate.obj
c:\users\piyorin\dev\qrdemo\arm64\debug\recordedvalue.obj
c:\users\piyorin\dev\qrdemo\arm64\debug\floatingtext.obj
c:\users\piyorin\dev\qrdemo\arm64\debug\drawcall.obj
c:\users\piyorin\dev\qrdemo\arm64\debug\drawcall_mesh.obj
c:\users\piyorin\dev\qrdemo\arm64\debug\appmain.obj
c:\users\piyorin\dev\qrdemo\arm64\debug\qrdemo\microsoft.mixedreality.qr.dll
c:\users\piyorin\dev\qrdemo\arm64\debug\qrdemo\microsoft.mixedreality.qr.winmd
c:\users\piyorin\dev\qrdemo\arm64\debug\qrdemo\microsoft.mixedreality.qr.xml
c:\users\piyorin\dev\qrdemo\arm64\debug\qrdemo\littexturecolorblend_ps.cso
c:\users\piyorin\dev\qrdemo\arm64\debug\qrdemo\littexture_ps.cso
c:\users\piyorin\dev\qrdemo\arm64\debug\qrdemo\lit_ps.cso
c:\users\piyorin\dev\qrdemo\arm64\debug\qrdemo\lit_vs.cso
c:\users\piyorin\dev\qrdemo\arm64\debug\qrdemo\lit_vs_sps.cso
c:\users\piyorin\dev\qrdemo\arm64\debug\qrdemo\unlittexture_ps.cso
c:\users\piyorin\dev\qrdemo\arm64\debug\qrdemo\unlit_vs.cso
c:\users\piyorin\dev\qrdemo\arm64\debug\qrdemo\unlit_vs_sps.cso
c:\users\piyorin\dev\qrdemo\arm64\debug\qrdemo\qrdemo.exe
c:\users\piyorin\dev\qrdemo\arm64\debug\qrdemo.ilk
c:\users\piyorin\dev\qrdemo\arm64\debug\qrdemo\qrdemo.pdb
c:\users\piyorin\dev\qrdemo\arm64\debug\qrdemo.vcxproj.assemblyreference.cache
c:\users\piyorin\dev\qrdemo\arm64\debug\qrdemo.vcxproj.mdmergeinputs.cache
c:\users\piyorin\dev\qrdemo\arm64\debug\qrdemo.vcxproj.cppwinrt_plat.cache
c:\users\piyorin\dev\qrdemo\arm64\debug\qrdemo.vcxproj.cppwinrt_ref.cache
c:\users\piyorin\dev\qrdemo\arm64\debug\qrdemo.vcxproj.cppwinrt_comp.cache
c:\users\piyorin\dev\qrdemo\arm64\debug\qrdemo.vcxproj.copycomplete
c:\users\piyorin\dev\qrdemo\arm64\debug\resourcehandlingtask.state
c:\users\piyorin\dev\qrdemo\arm64\debug\qrdemo.vcxproj.generateresource.cache
c:\users\piyorin\dev\qrdemo\arm64\debug\priconfig.xml
c:\users\piyorin\dev\qrdemo\arm64\debug\priconfig.xml.intermediate
c:\users\piyorin\dev\qrdemo\arm64\debug\unfiltered.layout.resfiles
c:\users\piyorin\dev\qrdemo\arm64\debug\unfiltered.layout.resfiles.intermediate
c:\users\piyorin\dev\qrdemo\arm64\debug\filtered.layout.resfiles
c:\users\piyorin\dev\qrdemo\arm64\debug\filtered.layout.resfiles.intermediate
c:\users\piyorin\dev\qrdemo\arm64\debug\excluded.layout.resfiles
c:\users\piyorin\dev\qrdemo\arm64\debug\excluded.layout.resfiles.intermediate
c:\users\piyorin\dev\qrdemo\arm64\debug\resources.resfiles
c:\users\piyorin\dev\qrdemo\arm64\debug\resources.resfiles.intermediate
c:\users\piyorin\dev\qrdemo\arm64\debug\pri.resfiles
c:\users\piyorin\dev\qrdemo\arm64\debug\pri.resfiles.intermediate
c:\users\piyorin\dev\qrdemo\arm64\debug\qrdemo\resources.pri
c:\users\piyorin\dev\qrdemo\arm64\debug\qualifiers.txt
c:\users\piyorin\dev\qrdemo\arm64\debug\qualifiers.txt.intermediate
c:\users\piyorin\dev\qrdemo\arm64\debug\multiplequalifiersperdimensionfound.txt
c:\users\piyorin\dev\qrdemo\arm64\debug\projectarchitectures.txt
c:\users\piyorin\dev\qrdemo\arm64\debug\.winmd_cache\$microsoft.mixedreality.qr.winmd_637911079560000000.json
c:\users\piyorin\dev\qrdemo\arm64\debug\qrdemo\appxmanifest.xml
c:\users\piyorin\dev\qrdemo\arm64\debug\qrdemo\qrdemo.build.appxrecipe
c:\users\piyorin\dev\qrdemo\arm64\debug\qrdemo.vcxproj.cppwinrt_comp.rsp
c:\users\piyorin\dev\qrdemo\arm64\debug\qrdemo.vcxproj.cppwinrt_plat.rsp
c:\users\piyorin\dev\qrdemo\arm64\debug\qrdemo.vcxproj.cppwinrt_ref.rsp
c:\users\piyorin\dev\qrdemo\arm64\debug\qrdemo.vcxproj.mdmerge.rsp
c:\users\piyorin\dev\qrdemo\arm64\debug\qrdemo.vcxproj.midlrt.rsp
c:\users\piyorin\dev\qrdemo\arm64\debug\qrdemo.tlog\cl.command.1.tlog
c:\users\piyorin\dev\qrdemo\arm64\debug\qrdemo.tlog\cl.read.1.tlog
c:\users\piyorin\dev\qrdemo\arm64\debug\qrdemo.tlog\cl.write.1.tlog
c:\users\piyorin\dev\qrdemo\arm64\debug\qrdemo.tlog\copylocal.read.1u.tlog
c:\users\piyorin\dev\qrdemo\arm64\debug\qrdemo.tlog\copylocal.write.1u.tlog
c:\users\piyorin\dev\qrdemo\arm64\debug\qrdemo.tlog\fxc.command.1.tlog
c:\users\piyorin\dev\qrdemo\arm64\debug\qrdemo.tlog\fxc.read.1.tlog
c:\users\piyorin\dev\qrdemo\arm64\debug\qrdemo.tlog\fxc.write.1.tlog
c:\users\piyorin\dev\qrdemo\arm64\debug\qrdemo.tlog\link.command.1.tlog
c:\users\piyorin\dev\qrdemo\arm64\debug\qrdemo.tlog\link.read.1.tlog
c:\users\piyorin\dev\qrdemo\arm64\debug\qrdemo.tlog\link.write.1.tlog
c:\users\piyorin\dev\qrdemo\arm64\debug\qrdemo.tlog\qrdemo.read.1u.tlog
c:\users\piyorin\dev\qrdemo\arm64\debug\qrdemo.tlog\qrdemo.write.1u.tlog
