  AppMain.cpp
  Update.cpp
  The contents of <numbers> are available only with C++20 or later.
C:\Users\piyorin\dev\QRdemo\Cannon\DrawCall.h(484,2): warning C4324: 'DrawCall::Projection': アラインメント指定子のために構造体がパッドされました (ソース ファイルをコンパイルしています Update.cpp)
C:\Users\piyorin\dev\QRdemo\Cannon\DrawCall.h(484,2): warning C4324: 'DrawCall::Projection': アラインメント指定子のために構造体がパッドされました (ソース ファイルをコンパイルしています AppMain.cpp)
C:\Users\piyorin\dev\QRdemo\Cannon\MixedReality.h(113,1): warning C4324: 'HandJoint': アラインメント指定子のために構造体がパッドされました (ソース ファイルをコンパイルしています AppMain.cpp)
C:\Users\piyorin\dev\QRdemo\Cannon\MixedReality.h(113,1): warning C4324: 'HandJoint': アラインメント指定子のために構造体がパッドされました (ソース ファイルをコンパイルしています Update.cpp)
C:\Users\piyorin\dev\QRdemo\Cannon\MixedReality.h(269,34): warning C4324: 'MixedReality': アラインメント指定子のために構造体がパッドされました (ソース ファイルをコンパイルしています AppMain.cpp)
C:\Users\piyorin\dev\QRdemo\Cannon\MixedReality.h(282,35): warning C4324: 'MixedReality': アラインメント指定子のために構造体がパッドされました (ソース ファイルをコンパイルしています AppMain.cpp)
C:\Users\piyorin\dev\QRdemo\Cannon\MixedReality.h(269,34): warning C4324: 'MixedReality': アラインメント指定子のために構造体がパッドされました (ソース ファイルをコンパイルしています Update.cpp)
C:\Users\piyorin\dev\QRdemo\Cannon\MixedReality.h(282,35): warning C4324: 'MixedReality': アラインメント指定子のために構造体がパッドされました (ソース ファイルをコンパイルしています Update.cpp)
C:\Users\piyorin\dev\QRdemo\Cannon\MixedReality.h(333,26): warning C4324: 'SurfaceMapping::MeshRecord': アラインメント指定子のために構造体がパッドされました (ソース ファイルをコンパイルしています AppMain.cpp)
C:\Users\piyorin\dev\QRdemo\Cannon\MixedReality.h(333,26): warning C4324: 'SurfaceMapping::MeshRecord': アラインメント指定子のために構造体がパッドされました (ソース ファイルをコンパイルしています Update.cpp)
C:\Users\piyorin\dev\QRdemo\Cannon\MixedReality.h(364,34): warning C4324: 'SurfaceMapping': アラインメント指定子のために構造体がパッドされました (ソース ファイルをコンパイルしています AppMain.cpp)
C:\Users\piyorin\dev\QRdemo\Cannon\MixedReality.h(364,34): warning C4324: 'SurfaceMapping': アラインメント指定子のために構造体がパッドされました (ソース ファイルをコンパイルしています Update.cpp)
C:\Users\piyorin\dev\QRdemo\Cannon\Common\FilterDoubleExponential.h(29,1): warning C4324: 'FilterDoubleExponentialData': アラインメント指定子のために構造体がパッドされました (ソース ファイルをコンパイルしています Update.cpp)
C:\Users\piyorin\dev\QRdemo\Cannon\Common\FilterDoubleExponential.h(139,1): warning C4324: 'FilterDoubleExponential': アラインメント指定子のために構造体がパッドされました (ソース ファイルをコンパイルしています Update.cpp)
C:\Users\piyorin\dev\QRdemo\Cannon\Common\FilterDoubleExponential.h(29,1): warning C4324: 'FilterDoubleExponentialData': アラインメント指定子のために構造体がパッドされました (ソース ファイルをコンパイルしています AppMain.cpp)
C:\Users\piyorin\dev\QRdemo\Cannon\Common\FilterDoubleExponential.h(139,1): warning C4324: 'FilterDoubleExponential': アラインメント指定子のために構造体がパッドされました (ソース ファイルをコンパイルしています AppMain.cpp)
C:\Users\piyorin\dev\QRdemo\Cannon\TrackedHands.h(53,25): warning C4324: 'TrackedHands': アラインメント指定子のために構造体がパッドされました (ソース ファイルをコンパイルしています AppMain.cpp)
C:\Users\piyorin\dev\QRdemo\Cannon\TrackedHands.h(53,25): warning C4324: 'TrackedHands': アラインメント指定子のために構造体がパッドされました (ソース ファイルをコンパイルしています Update.cpp)
C:\Users\piyorin\dev\QRdemo\Cannon\AnimatedVector.h(43,27): warning C4324: 'AnimatedVector': アラインメント指定子のために構造体がパッドされました (ソース ファイルをコンパイルしています AppMain.cpp)
C:\Users\piyorin\dev\QRdemo\Cannon\AnimatedVector.h(49,1): warning C4324: 'AnimatedVector': アラインメント指定子のために構造体がパッドされました (ソース ファイルをコンパイルしています AppMain.cpp)
C:\Users\piyorin\dev\QRdemo\Cannon\AnimatedVector.h(43,27): warning C4324: 'AnimatedVector': アラインメント指定子のために構造体がパッドされました (ソース ファイルをコンパイルしています Update.cpp)
C:\Users\piyorin\dev\QRdemo\Cannon\AnimatedVector.h(49,1): warning C4324: 'AnimatedVector': アラインメント指定子のために構造体がパッドされました (ソース ファイルをコンパイルしています Update.cpp)
C:\Users\piyorin\dev\QRdemo\Cannon\FloatingSlate.h(114,21): warning C4324: 'FloatingSlateButton': アラインメント指定子のために構造体がパッドされました (ソース ファイルをコンパイルしています Update.cpp)
C:\Users\piyorin\dev\QRdemo\Cannon\FloatingSlate.h(120,18): warning C4324: 'FloatingSlateButton': アラインメント指定子のために構造体がパッドされました (ソース ファイルをコンパイルしています Update.cpp)
C:\Users\piyorin\dev\QRdemo\Cannon\FloatingSlate.h(114,21): warning C4324: 'FloatingSlateButton': アラインメント指定子のために構造体がパッドされました (ソース ファイルをコンパイルしています AppMain.cpp)
C:\Users\piyorin\dev\QRdemo\Cannon\FloatingSlate.h(120,18): warning C4324: 'FloatingSlateButton': アラインメント指定子のために構造体がパッドされました (ソース ファイルをコンパイルしています AppMain.cpp)
C:\Users\piyorin\dev\QRdemo\Cannon\FloatingSlate.h(307,18): warning C4324: 'FloatingSlate': アラインメント指定子のために構造体がパッドされました (ソース ファイルをコンパイルしています Update.cpp)
C:\Users\piyorin\dev\QRdemo\Cannon\FloatingSlate.h(307,18): warning C4324: 'FloatingSlate': アラインメント指定子のために構造体がパッドされました (ソース ファイルをコンパイルしています AppMain.cpp)
C:\Users\piyorin\dev\QRdemo\Cannon\FloatingText.h(44,31): warning C4324: 'FloatingText': アラインメント指定子のために構造体がパッドされました (ソース ファイルをコンパイルしています AppMain.cpp)
C:\Users\piyorin\dev\QRdemo\Cannon\FloatingText.h(59,1): warning C4324: 'FloatingText': アラインメント指定子のために構造体がパッドされました (ソース ファイルをコンパイルしています AppMain.cpp)
C:\Users\piyorin\dev\QRdemo\Cannon\FloatingText.h(44,31): warning C4324: 'FloatingText': アラインメント指定子のために構造体がパッドされました (ソース ファイルをコンパイルしています Update.cpp)
C:\Users\piyorin\dev\QRdemo\Cannon\FloatingText.h(59,1): warning C4324: 'FloatingText': アラインメント指定子のために構造体がパッドされました (ソース ファイルをコンパイルしています Update.cpp)
C:\Users\piyorin\dev\QRdemo\Update.cpp(20,55): warning C4305: '引数': 'double' から 'float' へ切り詰めます。
C:\Users\piyorin\dev\QRdemo\Update.cpp(38,37): warning C4244: '/=': 'double' から 'float' への変換です。データが失われる可能性があります。
C:\Users\piyorin\dev\QRdemo\Update.cpp(39,37): warning C4244: '/=': 'double' から 'float' への変換です。データが失われる可能性があります。
C:\Users\piyorin\dev\QRdemo\Update.cpp(40,37): warning C4244: '/=': 'double' から 'float' への変換です。データが失われる可能性があります。
C:\Users\piyorin\dev\QRdemo\Update.cpp(42,44): warning C4244: '+=': 'double' から 'float' への変換です。データが失われる可能性があります。
C:\Users\piyorin\dev\QRdemo\Update.cpp(133,113): warning C4244: '引数': 'double' から 'float' への変換です。データが失われる可能性があります。
C:\Users\piyorin\dev\QRdemo\Update.cpp(133,106): warning C4244: '引数': 'double' から 'float' への変換です。データが失われる可能性があります。
C:\Users\piyorin\dev\QRdemo\Update.cpp(133,99): warning C4244: '引数': 'double' から 'float' への変換です。データが失われる可能性があります。
  QRdemo.vcxproj -> C:\Users\piyorin\dev\QRdemo\ARM64\Debug\QRdemo\QRdemo.exe
